Determining if the pthread_create exist failed with the following output:
Change Dir: /home/zhuojin/ros_dqn/build/CMakeFiles/CMakeTmp

Run Build Command:"/usr/bin/make" "cmTC_58cba/fast"
/usr/bin/make -f CMakeFiles/cmTC_58cba.dir/build.make CMakeFiles/cmTC_58cba.dir/build
make[1]: Entering directory '/home/zhuojin/ros_dqn/build/CMakeFiles/CMakeTmp'
Building C object CMakeFiles/cmTC_58cba.dir/CheckSymbolExists.c.o
/usr/bin/cc     -o CMakeFiles/cmTC_58cba.dir/CheckSymbolExists.c.o   -c /home/zhuojin/ros_dqn/build/CMakeFiles/CMakeTmp/CheckSymbolExists.c
Linking C executable cmTC_58cba
/usr/bin/cmake -E cmake_link_script CMakeFiles/cmTC_58cba.dir/link.txt --verbose=1
/usr/bin/cc       CMakeFiles/cmTC_58cba.dir/CheckSymbolExists.c.o  -o cmTC_58cba -rdynamic 
CMakeFiles/cmTC_58cba.dir/CheckSymbolExists.c.o: In function `main':
CheckSymbolExists.c:(.text+0x16): undefined reference to `pthread_create'
collect2: error: ld returned 1 exit status
CMakeFiles/cmTC_58cba.dir/build.make:97: recipe for target 'cmTC_58cba' failed
make[1]: *** [cmTC_58cba] Error 1
make[1]: Leaving directory '/home/zhuojin/ros_dqn/build/CMakeFiles/CMakeTmp'
Makefile:126: recipe for target 'cmTC_58cba/fast' failed
make: *** [cmTC_58cba/fast] Error 2

File /home/zhuojin/ros_dqn/build/CMakeFiles/CMakeTmp/CheckSymbolExists.c:
/* */
#include <pthread.h>

int main(int argc, char** argv)
{
  (void)argv;
#ifndef pthread_create
  return ((int*)(&pthread_create))[argc];
#else
  (void)argc;
  return 0;
#endif
}

Determining if the function pthread_create exists in the pthreads failed with the following output:
Change Dir: /home/zhuojin/ros_dqn/build/CMakeFiles/CMakeTmp

Run Build Command:"/usr/bin/make" "cmTC_27cbc/fast"
/usr/bin/make -f CMakeFiles/cmTC_27cbc.dir/build.make CMakeFiles/cmTC_27cbc.dir/build
make[1]: Entering directory '/home/zhuojin/ros_dqn/build/CMakeFiles/CMakeTmp'
Building C object CMakeFiles/cmTC_27cbc.dir/CheckFunctionExists.c.o
/usr/bin/cc    -DCHECK_FUNCTION_EXISTS=pthread_create   -o CMakeFiles/cmTC_27cbc.dir/CheckFunctionExists.c.o   -c /usr/share/cmake-3.5/Modules/CheckFunctionExists.c
Linking C executable cmTC_27cbc
/usr/bin/cmake -E cmake_link_script CMakeFiles/cmTC_27cbc.dir/link.txt --verbose=1
/usr/bin/cc   -DCHECK_FUNCTION_EXISTS=pthread_create    CMakeFiles/cmTC_27cbc.dir/CheckFunctionExists.c.o  -o cmTC_27cbc -rdynamic -lpthreads 
/usr/bin/ld: cannot find -lpthreads
collect2: error: ld returned 1 exit status
CMakeFiles/cmTC_27cbc.dir/build.make:97: recipe for target 'cmTC_27cbc' failed
make[1]: *** [cmTC_27cbc] Error 1
make[1]: Leaving directory '/home/zhuojin/ros_dqn/build/CMakeFiles/CMakeTmp'
Makefile:126: recipe for target 'cmTC_27cbc/fast' failed
make: *** [cmTC_27cbc/fast] Error 2


